<?xml version="1.0" encoding="UTF-8"?>
<testng-results ignored="0" total="2" passed="2" failed="0" skipped="0">
  <reporter-output>
  </reporter-output>
  <suite started-at="2020-04-22T10:31:43Z" name="Suite" finished-at="2020-04-22T10:33:27Z" duration-ms="104190">
    <groups>
      <group name="cucumber">
        <method signature="TestRunner.feature(cucumber.api.testng.CucumberFeatureWrapper)[pri:0, instance:Runner.TestRunner@6c1a5b54]" name="feature" class="Runner.TestRunner"/>
      </group> <!-- cucumber -->
    </groups>
    <test started-at="2020-04-22T10:31:43Z" name="Test" finished-at="2020-04-22T10:33:27Z" duration-ms="104190">
      <class name="Runner.TestRunner">
        <test-method is-config="true" signature="setUpClass()[pri:0, instance:Runner.TestRunner@6c1a5b54]" started-at="2020-04-22T10:31:43Z" name="setUpClass" finished-at="2020-04-22T10:31:44Z" duration-ms="669" status="PASS">
          <reporter-output>
          </reporter-output>
        </test-method> <!-- setUpClass -->
        <test-method signature="feature(cucumber.api.testng.CucumberFeatureWrapper)[pri:0, instance:Runner.TestRunner@6c1a5b54]" started-at="2020-04-22T10:31:44Z" name="feature" description="Runs Cucumber Feature" data-provider="features" finished-at="2020-04-22T10:32:42Z" duration-ms="58160" status="PASS">
          <params>
            <param index="0">
              <value>
                <![CDATA[Login]]>
              </value>
            </param>
          </params>
          <reporter-output>
          </reporter-output>
        </test-method> <!-- feature -->
        <test-method signature="feature(cucumber.api.testng.CucumberFeatureWrapper)[pri:0, instance:Runner.TestRunner@6c1a5b54]" started-at="2020-04-22T10:32:42Z" name="feature" description="Runs Cucumber Feature" data-provider="features" finished-at="2020-04-22T10:33:25Z" duration-ms="42277" status="PASS">
          <params>
            <param index="0">
              <value>
                <![CDATA[CartFeatures]]>
              </value>
            </param>
          </params>
          <reporter-output>
          </reporter-output>
        </test-method> <!-- feature -->
        <test-method is-config="true" signature="tearDownClass()[pri:0, instance:Runner.TestRunner@6c1a5b54]" started-at="2020-04-22T10:33:25Z" name="tearDownClass" finished-at="2020-04-22T10:33:27Z" duration-ms="2556" status="PASS">
          <reporter-output>
          </reporter-output>
        </test-method> <!-- tearDownClass -->
      </class> <!-- Runner.TestRunner -->
    </test> <!-- Test -->
  </suite> <!-- Suite -->
</testng-results>
